<?xml version="1.0" encoding="UTF-8"?>
<!-- Generated by org.testng.reporters.JUnitXMLReporter -->
<testsuite hostname="INLTH5CG7041C7J" ignored="0" name="Default test" tests="4" failures="0" timestamp="21 Dec 2019 06:11:12 GMT" time="45.468" errors="0">
  <testcase name="baseURL" time="10.76" classname="com.tesco.gmail.smoke.GmailSmoke"/>
  <testcase name="loginintoAccount" time="11.652" classname="com.tesco.gmail.smoke.GmailSmoke"/>
  <testcase name="verifyLoginURL" time="2.323" classname="com.tesco.gmail.smoke.GmailSmoke"/>
  <testcase name="logOut" time="7.845" classname="com.tesco.gmail.smoke.GmailSmoke"/>
</testsuite> <!-- Default test -->
