<?xml version="1.0" encoding="UTF-8"?>
<!-- Generated by org.testng.reporters.JUnitXMLReporter -->
<testsuite hostname="test-server-02" name="Test" tests="4" failures="0" timestamp="20 Dec 2019 07:15:49 GMT" time="30.054" errors="0">
  <testcase name="baseURL" time="4.307" classname="com.tesco.gmail.smoke.GmailSmoke"/>
  <testcase name="loginintoAccount" time="8.606" classname="com.tesco.gmail.smoke.GmailSmoke"/>
  <testcase name="verifyLoginURL" time="2.711" classname="com.tesco.gmail.smoke.GmailSmoke"/>
  <testcase name="logOut" time="7.835" classname="com.tesco.gmail.smoke.GmailSmoke"/>
</testsuite> <!-- Test -->
